<?xml version="1.0" encoding="UTF-8"?>
<!-- Generated by org.testng.reporters.JUnitXMLReporter -->
<testsuite hostname="DESKTOP-84B086G" name="Results" tests="4" failures="0" timestamp="13 Feb 2020 06:26:21 GMT" time="0.473" errors="0">
  <testcase name="@BeforeTest beforeTest" time="0.0" classname="webdriver.HMSReg">
    <failure type="java.lang.IllegalStateException" message="The driver executable does not exist: G:\Selenium Project\HMS PROJECT\chromedriver.exe">
      <![CDATA[java.lang.IllegalStateException: The driver executable does not exist: G:\Selenium Project\HMS PROJECT\chromedriver.exe
	at com.google.common.base.Preconditions.checkState(Preconditions.java:585)
	at org.openqa.selenium.remote.service.DriverService.checkExecutable(DriverService.java:146)
	at org.openqa.selenium.remote.service.DriverService.findExecutable(DriverService.java:141)
	at org.openqa.selenium.chrome.ChromeDriverService.access$000(ChromeDriverService.java:35)
	at org.openqa.selenium.chrome.ChromeDriverService$Builder.findDefaultExecutable(ChromeDriverService.java:159)
	at org.openqa.selenium.remote.service.DriverService$Builder.build(DriverService.java:355)
	at org.openqa.selenium.chrome.ChromeDriverService.createDefaultService(ChromeDriverService.java:94)
	at org.openqa.selenium.chrome.ChromeDriver.<init>(ChromeDriver.java:123)
	at webdriver.HMSReg.beforeTest(HMSReg.java:74)
... Removed 22 stack frames]]>
    </failure>
  </testcase> <!-- @BeforeTest beforeTest -->
  <testcase name="@AfterTest afterTest" time="0.0" classname="webdriver.HMSReg">
    <skipped/>
  </testcase> <!-- @AfterTest afterTest -->
  <testcase name="test1" time="0.002" classname="webdriver.HMSReg">
    <skipped/>
  </testcase> <!-- test1 -->
  <testcase name="test2" time="0.003" classname="webdriver.HMSReg">
    <skipped/>
  </testcase> <!-- test2 -->
  <testcase name="test3" time="0.003" classname="webdriver.HMSReg">
    <skipped/>
  </testcase> <!-- test3 -->
  <testcase name="test4" time="0.002" classname="webdriver.HMSReg">
    <skipped/>
  </testcase> <!-- test4 -->
</testsuite> <!-- Results -->
